Determining if the CL_VERSION_2_2 exist failed with the following output:
Change Dir: /home/ganler/Desktop/GanlerCodes/LearnOpenCL/build/CMakeFiles/CMakeTmp

Run Build Command(s):/usr/bin/make cmTC_5f6f5/fast 
/usr/bin/make -f CMakeFiles/cmTC_5f6f5.dir/build.make CMakeFiles/cmTC_5f6f5.dir/build
make[1]: Entering directory '/home/ganler/Desktop/GanlerCodes/LearnOpenCL/build/CMakeFiles/CMakeTmp'
Building C object CMakeFiles/cmTC_5f6f5.dir/CheckSymbolExists.c.o
/usr/bin/gcc-7    -o CMakeFiles/cmTC_5f6f5.dir/CheckSymbolExists.c.o   -c /home/ganler/Desktop/GanlerCodes/LearnOpenCL/build/CMakeFiles/CMakeTmp/CheckSymbolExists.c
/home/ganler/Desktop/GanlerCodes/LearnOpenCL/build/CMakeFiles/CMakeTmp/CheckSymbolExists.c: In function ‘main’:
/home/ganler/Desktop/GanlerCodes/LearnOpenCL/build/CMakeFiles/CMakeTmp/CheckSymbolExists.c:8:19: error: ‘CL_VERSION_2_2’ undeclared (first use in this function); did you mean ‘CL_VERSION_1_2’?
   return ((int*)(&CL_VERSION_2_2))[argc];
                   ^~~~~~~~~~~~~~
                   CL_VERSION_1_2
/home/ganler/Desktop/GanlerCodes/LearnOpenCL/build/CMakeFiles/CMakeTmp/CheckSymbolExists.c:8:19: note: each undeclared identifier is reported only once for each function it appears in
CMakeFiles/cmTC_5f6f5.dir/build.make:65: recipe for target 'CMakeFiles/cmTC_5f6f5.dir/CheckSymbolExists.c.o' failed
make[1]: *** [CMakeFiles/cmTC_5f6f5.dir/CheckSymbolExists.c.o] Error 1
make[1]: Leaving directory '/home/ganler/Desktop/GanlerCodes/LearnOpenCL/build/CMakeFiles/CMakeTmp'
Makefile:121: recipe for target 'cmTC_5f6f5/fast' failed
make: *** [cmTC_5f6f5/fast] Error 2

File /home/ganler/Desktop/GanlerCodes/LearnOpenCL/build/CMakeFiles/CMakeTmp/CheckSymbolExists.c:
/* */
#include </usr/include/CL/cl.h>

int main(int argc, char** argv)
{
  (void)argv;
#ifndef CL_VERSION_2_2
  return ((int*)(&CL_VERSION_2_2))[argc];
#else
  (void)argc;
  return 0;
#endif
}

Determining if the CL_VERSION_2_1 exist failed with the following output:
Change Dir: /home/ganler/Desktop/GanlerCodes/LearnOpenCL/build/CMakeFiles/CMakeTmp

Run Build Command(s):/usr/bin/make cmTC_6c9a2/fast 
/usr/bin/make -f CMakeFiles/cmTC_6c9a2.dir/build.make CMakeFiles/cmTC_6c9a2.dir/build
make[1]: Entering directory '/home/ganler/Desktop/GanlerCodes/LearnOpenCL/build/CMakeFiles/CMakeTmp'
Building C object CMakeFiles/cmTC_6c9a2.dir/CheckSymbolExists.c.o
/usr/bin/gcc-7    -o CMakeFiles/cmTC_6c9a2.dir/CheckSymbolExists.c.o   -c /home/ganler/Desktop/GanlerCodes/LearnOpenCL/build/CMakeFiles/CMakeTmp/CheckSymbolExists.c
/home/ganler/Desktop/GanlerCodes/LearnOpenCL/build/CMakeFiles/CMakeTmp/CheckSymbolExists.c: In function ‘main’:
/home/ganler/Desktop/GanlerCodes/LearnOpenCL/build/CMakeFiles/CMakeTmp/CheckSymbolExists.c:8:19: error: ‘CL_VERSION_2_1’ undeclared (first use in this function); did you mean ‘CL_VERSION_1_1’?
   return ((int*)(&CL_VERSION_2_1))[argc];
                   ^~~~~~~~~~~~~~
                   CL_VERSION_1_1
/home/ganler/Desktop/GanlerCodes/LearnOpenCL/build/CMakeFiles/CMakeTmp/CheckSymbolExists.c:8:19: note: each undeclared identifier is reported only once for each function it appears in
CMakeFiles/cmTC_6c9a2.dir/build.make:65: recipe for target 'CMakeFiles/cmTC_6c9a2.dir/CheckSymbolExists.c.o' failed
make[1]: *** [CMakeFiles/cmTC_6c9a2.dir/CheckSymbolExists.c.o] Error 1
make[1]: Leaving directory '/home/ganler/Desktop/GanlerCodes/LearnOpenCL/build/CMakeFiles/CMakeTmp'
Makefile:121: recipe for target 'cmTC_6c9a2/fast' failed
make: *** [cmTC_6c9a2/fast] Error 2

File /home/ganler/Desktop/GanlerCodes/LearnOpenCL/build/CMakeFiles/CMakeTmp/CheckSymbolExists.c:
/* */
#include </usr/include/CL/cl.h>

int main(int argc, char** argv)
{
  (void)argv;
#ifndef CL_VERSION_2_1
  return ((int*)(&CL_VERSION_2_1))[argc];
#else
  (void)argc;
  return 0;
#endif
}

